<?xml version="1.0" encoding="UTF-8"?>
<!-- Generated by org.testng.reporters.JUnitReportReporter -->
<testsuite skipped="0" hostname="DESKTOP-16UG353" name="ojtexamples.LoginPage" tests="4" failures="0" timestamp="2021-10-12T13:35:11 PDT" time="29.007" errors="0">
  <testcase name="Test03" time="6.492" classname="ojtexamples.LoginPage"/>
  <system-out/>
  <testcase name="Test01" time="9.327" classname="ojtexamples.LoginPage"/>
  <system-out/>
  <testcase name="Test02" time="5.915" classname="ojtexamples.LoginPage"/>
  <system-out/>
  <testcase name="Test04" time="7.273" classname="ojtexamples.LoginPage"/>
  <system-out/>
</testsuite> <!-- ojtexamples.LoginPage -->
