<?xml version="1.0" encoding="UTF-8"?>
<!-- Generated by org.testng.reporters.JUnitReportReporter -->
<testsuite skipped="0" hostname="DESKTOP-16UG353" name="ojtexamples.Autosuggestion2" tests="1" failures="0" timestamp="2021-10-22T00:24:41 PDT" time="12.932" errors="0">
  <testcase name="loginPage" time="12.932" classname="ojtexamples.Autosuggestion2"/>
  <system-out/>
</testsuite> <!-- ojtexamples.Autosuggestion2 -->
