<?xml version="1.0" encoding="UTF-8"?>
<!-- Generated by org.testng.reporters.JUnitReportReporter -->
<testsuite skipped="0" hostname="DESKTOP-16UG353" name="ojtexamples.PriorityCheck2" tests="3" failures="0" timestamp="2021-10-17T00:21:05 PDT" time="0.032" errors="0">
  <testcase name="loginTest" time="0.003" classname="ojtexamples.PriorityCheck2"/>
  <system-out/>
  <testcase name="userTest" time="0.003" classname="ojtexamples.PriorityCheck2"/>
  <system-out/>
  <testcase name="dashTest" time="0.026" classname="ojtexamples.PriorityCheck2"/>
  <system-out/>
</testsuite> <!-- ojtexamples.PriorityCheck2 -->
