<?xml version="1.0" encoding="UTF-8"?>
<!-- Generated by org.testng.reporters.JUnitReportReporter -->
<testsuite skipped="0" hostname="DESKTOP-16UG353" name="ojtexamples.PriorityCheck" tests="3" failures="0" timestamp="2021-10-17T00:16:10 PDT" time="0.097" errors="0">
  <testcase name="userTest" time="0.032" classname="ojtexamples.PriorityCheck"/>
  <system-out/>
  <testcase name="loginTest" time="0.036" classname="ojtexamples.PriorityCheck"/>
  <system-out/>
  <testcase name="dashTest" time="0.029" classname="ojtexamples.PriorityCheck"/>
  <system-out/>
</testsuite> <!-- ojtexamples.PriorityCheck -->
