<?xml version="1.0" encoding="UTF-8"?>
<!-- Generated by org.testng.reporters.JUnitReportReporter -->
<testsuite skipped="0" hostname="DESKTOP-16UG353" name="ojtexamples.AutosuggestionEx" tests="1" failures="0" timestamp="2021-10-22T00:15:20 PDT" time="24.623" errors="0">
  <testcase name="loginPage" time="24.623" classname="ojtexamples.AutosuggestionEx"/>
  <system-out/>
</testsuite> <!-- ojtexamples.AutosuggestionEx -->
