<?xml version="1.0" encoding="UTF-8"?>
<!-- Generated by org.testng.reporters.JUnitReportReporter -->
<testsuite skipped="0" hostname="DESKTOP-16UG353" name="ojtexamples.RobotClass" tests="1" failures="0" timestamp="2021-10-13T15:04:51 PDT" time="20.818" errors="0">
  <testcase name="loginTest" time="20.818" classname="ojtexamples.RobotClass"/>
  <system-out/>
</testsuite> <!-- ojtexamples.RobotClass -->
